<?xml version="1.0" encoding="utf-8"?><testsuites name="pytest tests"><testsuite name="pytest" errors="0" failures="0" skipped="0" tests="3" time="1.135" timestamp="2026-08-25T10:59:52.520088+00:00" hostname="agent-env-793c4a5e-a44b-4388-a52e-3a6c95a8cd7f"><testcase classname="tests.test_checkpoint_api" name="test_seeded_engagement_shape" time="0.252" /><testcase classname="tests.test_checkpoint_api" name="test_missing_public_engagement_is_404" time="0.107" /><testcase classname="tests.test_checkpoint_api" name="test_seeded_clearance_generates_payment_request" time="0.473" /></testsuite></testsuites>