<?xml version="1.0" encoding="utf-8"?><testsuites name="pytest tests"><testsuite name="pytest" errors="0" failures="0" skipped="0" tests="9" time="1.437" timestamp="2026-08-25T17:20:15.437278+00:00" hostname="agent-env-793c4a5e-a44b-4388-a52e-3a6c95a8cd7f"><testcase classname="tests.test_checkpoint_api.TestPublicDemo" name="test_get_demo_engagement_has_cleared_by" time="0.314" /><testcase classname="tests.test_checkpoint_api.TestAgencyEngagements" name="test_initial_list_empty" time="0.324" /><testcase classname="tests.test_checkpoint_api.TestPublicDemo" name="test_sequential_clear_returns_409" time="0.080" /><testcase classname="tests.test_checkpoint_api.TestAgencyEngagements" name="test_create_and_list" time="0.163" /><testcase classname="tests.test_checkpoint_api.TestPublicDemo" name="test_clear_ms03_sets_priya_and_payment_requested" time="0.076" /><testcase classname="tests.test_checkpoint_api.TestPublicDemo" name="test_request_change_sets_note" time="0.093" /><testcase classname="tests.test_checkpoint_api.TestAgencyEngagements" name="test_accept_scope_flips_to_active" time="0.289" /><testcase classname="tests.test_checkpoint_api.TestAuth" name="test_me_without_auth_401" time="0.080" /><testcase classname="tests.test_checkpoint_api.TestAuth" name="test_me_with_seeded_session_200" time="0.078" /></testsuite></testsuites>