<?xml version="1.0" encoding="utf-8"?><testsuites name="pytest tests"><testsuite name="pytest" errors="0" failures="0" skipped="0" tests="11" time="2.392" timestamp="2026-08-25T17:41:58.902183+00:00" hostname="agent-env-793c4a5e-a44b-4388-a52e-3a6c95a8cd7f"><testcase classname="tests.test_new_features.TestEmailNotifications" name="test_engagement_creation_email_logged" time="0.229" /><testcase classname="tests.test_new_features.TestEmailNotifications" name="test_checkpoint_ready_email_on_clear" time="0.283" /><testcase classname="tests.test_new_features.TestChangeThread" name="test_open_change_thread_via_public" time="0.137" /><testcase classname="tests.test_new_features.TestChangeThread" name="test_client_can_post_reply_via_public" time="0.151" /><testcase classname="tests.test_new_features.TestChangeThread" name="test_agency_thread_reply_requires_auth" time="0.083" /><testcase classname="tests.test_new_features.TestChangeThread" name="test_agency_thread_reply_authed" time="0.122" /><testcase classname="tests.test_new_features.TestChangeThread" name="test_agency_resolve_change" time="0.121" /><testcase classname="tests.test_new_features.TestStripePayments" name="test_pay_uncleared_returns_409" time="0.080" /><testcase classname="tests.test_new_features.TestStripePayments" name="test_pay_cleared_returns_stripe_url" time="0.647" /><testcase classname="tests.test_new_features.TestStripePayments" name="test_payment_status_open_unpaid" time="0.309" /><testcase classname="tests.test_new_features.TestStripePayments" name="test_payment_status_unknown_404" time="0.103" /></testsuite></testsuites>