<?xml version="1.0" encoding="utf-8"?><testsuites name="pytest tests"><testsuite name="pytest" errors="0" failures="0" skipped="0" tests="50" time="21.099" timestamp="2026-08-25T18:15:54.629607+00:00" hostname="agent-env-793c4a5e-a44b-4388-a52e-3a6c95a8cd7f"><testcase classname="tests.test_checkpoint_api.TestPublicDemo" name="test_get_demo_engagement_has_cleared_by" time="0.302" /><testcase classname="tests.test_checkpoint_api.TestPublicDemo" name="test_sequential_clear_returns_409" time="0.098" /><testcase classname="tests.test_checkpoint_api.TestPublicDemo" name="test_clear_ms03_sets_priya_and_payment_requested" time="0.095" /><testcase classname="tests.test_checkpoint_api.TestPublicDemo" name="test_request_change_sets_note" time="0.113" /><testcase classname="tests.test_checkpoint_api.TestAuth" name="test_me_without_auth_401" time="0.095" /><testcase classname="tests.test_checkpoint_api.TestAuth" name="test_me_with_seeded_session_200" time="0.106" /><testcase classname="tests.test_checkpoint_api.TestAgencyEngagements" name="test_initial_list_empty" time="0.106" /><testcase classname="tests.test_checkpoint_api.TestAgencyEngagements" name="test_create_and_list" time="0.176" /><testcase classname="tests.test_checkpoint_api.TestAgencyEngagements" name="test_accept_scope_flips_to_active" time="0.270" /><testcase classname="tests.test_iteration5_features.TestAttachmentLinks" name="test_add_link_unauth_401" time="0.327" /><testcase classname="tests.test_iteration5_features.TestAttachmentLinks" name="test_add_link_invalid_url_400" time="0.074" /><testcase classname="tests.test_iteration5_features.TestAttachmentLinks" name="test_add_link_ok_200" time="0.106" /><testcase classname="tests.test_iteration5_features.TestAttachmentLinks" name="test_public_open_link_redirect_307" time="0.310" /><testcase classname="tests.test_iteration5_features.TestAttachmentFiles" name="test_upload_ok_200_no_storage_path" time="0.406" /><testcase classname="tests.test_iteration5_features.TestAttachmentFiles" name="test_public_download_streams_bytes" time="0.383" /><testcase classname="tests.test_iteration5_features.TestAttachmentFiles" name="test_public_download_unknown_404" time="0.128" /><testcase classname="tests.test_iteration5_features.TestAttachmentFiles" name="test_delete_unauth_401" time="0.158" /><testcase classname="tests.test_iteration5_features.TestAttachmentFiles" name="test_delete_ok_200" time="0.084" /><testcase classname="tests.test_iteration5_features.TestAttachmentFiles" name="test_after_delete_public_download_404" time="0.257" /><testcase classname="tests.test_iteration5_features.TestPaymentReminders" name="test_reminder_sweep_stamps_and_emails" time="5.522" /><testcase classname="tests.test_iteration5_features.TestThreadAlerts" name="test_change_request_emails_agency" time="0.092" /><testcase classname="tests.test_iteration5_features.TestThreadAlerts" name="test_change_message_reply_emails_agency" time="0.072" /><testcase classname="tests.test_iteration5_features.TestEarningsData" name="test_list_engagements_has_fields_for_totals" time="0.082" /><testcase classname="tests.test_iteration6_features.TestMilestoneEditing" name="test_edit_milestone_success" time="0.278" /><testcase classname="tests.test_iteration6_features.TestMilestoneEditing" name="test_edit_milestone_fee_zero_returns_400" time="0.179" /><testcase classname="tests.test_iteration6_features.TestMilestoneEditing" name="test_edit_milestone_unauth_returns_401" time="0.172" /><testcase classname="tests.test_iteration6_features.TestMilestoneEditing" name="test_add_milestone_appends" time="0.193" /><testcase classname="tests.test_iteration6_features.TestMilestoneEditing" name="test_move_milestone_up_reorders" time="0.218" /><testcase classname="tests.test_iteration6_features.TestMilestoneEditing" name="test_delete_milestone_success" time="0.324" /><testcase classname="tests.test_iteration6_features.TestMilestoneEditing" name="test_delete_last_milestone_returns_409" time="0.211" /><testcase classname="tests.test_iteration6_features.TestMilestoneEditing" name="test_editing_after_accept_returns_409" time="0.618" /><testcase classname="tests.test_iteration6_features.TestArchiveUnarchive" name="test_archive_sets_status" time="0.194" /><testcase classname="tests.test_iteration6_features.TestArchiveUnarchive" name="test_client_accept_on_archived_returns_409" time="0.301" /><testcase classname="tests.test_iteration6_features.TestArchiveUnarchive" name="test_editing_while_archived_returns_409" time="0.329" /><testcase classname="tests.test_iteration6_features.TestArchiveUnarchive" name="test_unarchive_returns_awaiting_when_never_accepted" time="0.393" /><testcase classname="tests.test_iteration6_features.TestArchiveUnarchive" name="test_unarchive_returns_active_when_accepted" time="0.471" /><testcase classname="tests.test_iteration6_features.TestReceipts" name="test_receipt_email_logged_after_mark_paid" time="5.302" /><testcase classname="tests.test_iteration6_features.TestPdfSummary" name="test_pdf_ok" time="0.113" /><testcase classname="tests.test_iteration6_features.TestPdfSummary" name="test_pdf_unknown_token_404" time="0.109" /><testcase classname="tests.test_new_features.TestEmailNotifications" name="test_engagement_creation_email_logged" time="0.345" /><testcase classname="tests.test_new_features.TestEmailNotifications" name="test_checkpoint_ready_email_on_clear" time="0.167" /><testcase classname="tests.test_new_features.TestChangeThread" name="test_open_change_thread_via_public" time="0.105" /><testcase classname="tests.test_new_features.TestChangeThread" name="test_client_can_post_reply_via_public" time="0.080" /><testcase classname="tests.test_new_features.TestChangeThread" name="test_agency_thread_reply_requires_auth" time="0.087" /><testcase classname="tests.test_new_features.TestChangeThread" name="test_agency_thread_reply_authed" time="0.082" /><testcase classname="tests.test_new_features.TestChangeThread" name="test_agency_resolve_change" time="0.081" /><testcase classname="tests.test_new_features.TestStripePayments" name="test_pay_uncleared_returns_409" time="0.082" /><testcase classname="tests.test_new_features.TestStripePayments" name="test_pay_cleared_returns_stripe_url" time="0.704" /><testcase classname="tests.test_new_features.TestStripePayments" name="test_payment_status_open_unpaid" time="0.362" /><testcase classname="tests.test_new_features.TestStripePayments" name="test_payment_status_unknown_404" time="0.082" /></testsuite></testsuites>