<?xml version="1.0" encoding="utf-8"?><testsuites name="pytest tests"><testsuite name="pytest" errors="0" failures="0" skipped="0" tests="14" time="7.814" timestamp="2026-08-25T18:00:03.443225+00:00" hostname="agent-env-793c4a5e-a44b-4388-a52e-3a6c95a8cd7f"><testcase classname="tests.test_iteration5_features.TestAttachmentLinks" name="test_add_link_unauth_401" time="0.414" /><testcase classname="tests.test_iteration5_features.TestAttachmentLinks" name="test_add_link_invalid_url_400" time="0.074" /><testcase classname="tests.test_iteration5_features.TestAttachmentLinks" name="test_add_link_ok_200" time="0.084" /><testcase classname="tests.test_iteration5_features.TestAttachmentLinks" name="test_public_open_link_redirect_307" time="0.194" /><testcase classname="tests.test_iteration5_features.TestAttachmentFiles" name="test_upload_ok_200_no_storage_path" time="0.327" /><testcase classname="tests.test_iteration5_features.TestAttachmentFiles" name="test_public_download_streams_bytes" time="0.421" /><testcase classname="tests.test_iteration5_features.TestAttachmentFiles" name="test_public_download_unknown_404" time="0.136" /><testcase classname="tests.test_iteration5_features.TestAttachmentFiles" name="test_delete_unauth_401" time="0.066" /><testcase classname="tests.test_iteration5_features.TestAttachmentFiles" name="test_delete_ok_200" time="0.070" /><testcase classname="tests.test_iteration5_features.TestAttachmentFiles" name="test_after_delete_public_download_404" time="0.191" /><testcase classname="tests.test_iteration5_features.TestPaymentReminders" name="test_reminder_sweep_stamps_and_emails" time="5.445" /><testcase classname="tests.test_iteration5_features.TestThreadAlerts" name="test_change_request_emails_agency" time="0.102" /><testcase classname="tests.test_iteration5_features.TestThreadAlerts" name="test_change_message_reply_emails_agency" time="0.073" /><testcase classname="tests.test_iteration5_features.TestEarningsData" name="test_list_engagements_has_fields_for_totals" time="0.080" /></testsuite></testsuites>